<?xml version="1.0" encoding="UTF-8"?>
<robot generator="Robot 6.0.2 (Python 3.11.6 on win32)" generated="20260706 16:38:01.579" rpa="true" schemaversion="3">
<suite id="s1" name="Easypaisa Job Portal" source="D:\Easypaisa_Bot\Easypaisa_Job_Portal.robot">
<test id="s1-t1" name="Get Job Update" line="90">
<kw name="Authorize" library="Autosphere.Email.ImapSmtp" type="SETUP">
<arg>account=${SENDER_GMAIL}</arg>
<arg>password=${GMAIL_PASSWORD}</arg>
<doc>Authorize user to SMTP and IMAP servers.</doc>
<status status="PASS" starttime="20260706 16:38:03.943" endtime="20260706 16:38:11.256"/>
</kw>
<kw name="Open Webpage">
<kw name="Open Browser" library="Autosphere.Browser.Playwright">
<arg>${IP_ADDRESS}</arg>
<doc>Opens a new browser instance to the optional ``url``.</doc>
<msg timestamp="20260706 16:38:11.261" level="INFO">Opening browser 'chrome' to base url 'http:\192.168.1.139:20004\kr-promo-bc\index.php'.</msg>
<msg timestamp="20260706 16:38:11.672" level="WARN">The chromedriver version (127.0.6533.99) detected in PATH at C:\Program Files\Autosphere\Browser\chromedriver-win64\chromedriver.exe might not be compatible with the detected chrome version (149.0.7827.201); currently, chromedriver 149.0.7827.155 is recommended for chrome 149.*, so it is advised to delete the driver in PATH and retry</msg>
<status status="PASS" starttime="20260706 16:38:11.257" endtime="20260706 16:38:14.278"/>
</kw>
<kw name="Maximize Browser Window" library="Autosphere.Browser.Playwright">
<doc>Maximizes current browser window.</doc>
<status status="PASS" starttime="20260706 16:38:14.278" endtime="20260706 16:38:14.340"/>
</kw>
<status status="PASS" starttime="20260706 16:38:11.257" endtime="20260706 16:38:14.340"/>
</kw>
<kw name="Login Portal">
<kw name="Input Text" library="Autosphere.Browser.Playwright">
<arg>//input[@type="text" and @placeholder="Username"]</arg>
<arg>${LOGIN_ID}</arg>
<doc>Types the given ``text`` into the text field identified by ``locator``.</doc>
<msg timestamp="20260706 16:38:14.344" level="INFO">Typing text 'admin' into text field '//input[@type="text" and @placeholder="Username"]'.</msg>
<status status="PASS" starttime="20260706 16:38:14.342" endtime="20260706 16:38:14.677"/>
</kw>
<kw name="Input Text" library="Autosphere.Browser.Playwright">
<arg>//input[@type="password" and @placeholder="Password"]</arg>
<arg>${LOGIN_PASSWORD}</arg>
<doc>Types the given ``text`` into the text field identified by ``locator``.</doc>
<msg timestamp="20260706 16:38:14.677" level="INFO">Typing text 'admin' into text field '//input[@type="password" and @placeholder="Password"]'.</msg>
<status status="PASS" starttime="20260706 16:38:14.677" endtime="20260706 16:38:14.858"/>
</kw>
<kw name="Click Button" library="Autosphere.Browser.Playwright">
<arg>Sign In</arg>
<doc>Clicks the button identified by ``locator``.</doc>
<msg timestamp="20260706 16:38:14.862" level="INFO">Clicking button 'Sign In'.</msg>
<status status="PASS" starttime="20260706 16:38:14.860" endtime="20260706 16:38:15.063"/>
</kw>
<status status="PASS" starttime="20260706 16:38:14.342" endtime="20260706 16:38:15.065"/>
</kw>
<kw name="Find Job Status">
<kw name="Wait Until Page Contains Element" library="Autosphere.Browser.Playwright">
<arg>//div[@class="col-sm-12"]</arg>
<arg>timeout=60</arg>
<doc>Waits until the element ``locator`` appears on the current page.</doc>
<status status="PASS" starttime="20260706 16:38:15.083" endtime="20260706 16:38:15.403"/>
</kw>
<kw name="Sleep" library="BuiltIn">
<arg>4s</arg>
<arg>reason=To monitor working of bot</arg>
<doc>Pauses the test executed for the given time.</doc>
<msg timestamp="20260706 16:38:19.406" level="INFO">Slept 4 seconds</msg>
<msg timestamp="20260706 16:38:19.406" level="INFO">To monitor working of bot</msg>
<status status="PASS" starttime="20260706 16:38:15.403" endtime="20260706 16:38:19.406"/>
</kw>
<kw name="Run Keyword And Return Status" library="BuiltIn">
<var>${status}</var>
<arg>Page Should Contain Element</arg>
<arg>//tr[td[contains(normalize-space(), 'TABEEB_') or contains(normalize-space(), 'tabeeb_') or contains(normalize-space(), 'Tabeeb_') or contains(normalize-space(), 'TABEB_') or contains(normalize-space(), 'tabeb_') or contains(normalize-space(), 'Tabeb_')]]//input[@value='Job Status']</arg>
<doc>Runs the given keyword with given arguments and returns the status as a Boolean value.</doc>
<kw name="Page Should Contain Element" library="Autosphere.Browser.Playwright">
<arg>//tr[td[contains(normalize-space(), 'TABEEB_') or contains(normalize-space(), 'tabeeb_') or contains(normalize-space(), 'Tabeeb_') or contains(normalize-space(), 'TABEB_') or contains(normalize-space(), 'tabeb_') or contains(normalize-space(), 'Tabeb_')]]//input[@value='Job Status']</arg>
<doc>Verifies that element ``locator`` is found on the current page.</doc>
<msg timestamp="20260706 16:38:19.430" level="INFO">Current page contains element '//tr[td[contains(normalize-space(), 'TABEEB_') or contains(normalize-space(), 'tabeeb_') or contains(normalize-space(), 'Tabeeb_') or contains(normalize-space(), 'TABEB_') or contains(normalize-space(), 'tabeb_') or contains(normalize-space(), 'Tabeb_')]]//input[@value='Job Status']'.</msg>
<status status="PASS" starttime="20260706 16:38:19.406" endtime="20260706 16:38:19.430"/>
</kw>
<msg timestamp="20260706 16:38:19.430" level="INFO">${status} = True</msg>
<status status="PASS" starttime="20260706 16:38:19.406" endtime="20260706 16:38:19.430"/>
</kw>
<if>
<branch type="IF" condition="${status}==True">
<kw name="Get Text" library="Autosphere.Browser.Playwright">
<var>${current_progress}</var>
<arg>//tr[td[contains(normalize-space(), 'TABEEB_') or contains(normalize-space(), 'tabeeb_') or contains(normalize-space(), 'Tabeeb_') or contains(normalize-space(), 'TABEB_') or contains(normalize-space(), 'tabeb_') or contains(normalize-space(), 'Tabeb_')]]//td//div[@role="progressbar"]</arg>
<doc>Returns the text value of the element identified by ``locator``.</doc>
<msg timestamp="20260706 16:38:19.469" level="INFO">${current_progress} = 100% Complete (success)</msg>
<status status="PASS" starttime="20260706 16:38:19.430" endtime="20260706 16:38:19.469"/>
</kw>
<kw name="Split String" library="String">
<var>${current_progress_percentage}</var>
<arg>${current_progress}</arg>
<arg>%</arg>
<doc>Splits the ``string`` using ``separator`` as a delimiter string.</doc>
<msg timestamp="20260706 16:38:19.469" level="INFO">${current_progress_percentage} = ['100', ' Complete (success)']</msg>
<status status="PASS" starttime="20260706 16:38:19.469" endtime="20260706 16:38:19.469"/>
</kw>
<if>
<branch type="IF" condition="'${current_progress_percentage}[0]'=='${previous_progress_in_percentage}' or '${current_progress_percentage}[0]'== '100'">
<kw name="Send Message" library="Autosphere.Email.ImapSmtp">
<arg>sender=${SENDER_GMAIL}</arg>
<arg>recipients=${RECIEVER_GMAIL}</arg>
<arg>subject="Bot Progress Message"</arg>
<arg>body="This message is sent to inform you about the Bot Progress that has reached to its maximum of ${current_progress_percentage}[0] percentage"</arg>
<doc>Send SMTP email</doc>
<status status="PASS" starttime="20260706 16:38:19.469" endtime="20260706 16:38:22.464"/>
</kw>
<kw name="Skip" library="BuiltIn">
<doc>Skips the rest of the current test.</doc>
<msg timestamp="20260706 16:38:22.464" level="SKIP">Skipped with Skip keyword.</msg>
<status status="SKIP" starttime="20260706 16:38:22.464" endtime="20260706 16:38:22.464"/>
</kw>
<status status="SKIP" starttime="20260706 16:38:19.469" endtime="20260706 16:38:22.464"/>
</branch>
<branch type="ELSE">
<kw name="Click Element" library="Autosphere.Browser.Playwright">
<arg>//tr[td[contains(normalize-space(), 'TABEEB_') or contains(normalize-space(), 'tabeeb_') or contains(normalize-space(), 'Tabeeb_') or contains(normalize-space(), 'TABEB_') or contains(normalize-space(), 'tabeb_') or contains(normalize-space(), 'Tabeb_')]]//input[@value='Job Status']</arg>
<doc>Click the element identified by ``locator``.</doc>
<status status="NOT RUN" starttime="20260706 16:38:22.464" endtime="20260706 16:38:22.464"/>
</kw>
<kw name="Take Screenshot">
<status status="NOT RUN" starttime="20260706 16:38:22.464" endtime="20260706 16:38:22.464"/>
</kw>
<kw name="Upload File">
<status status="NOT RUN" starttime="20260706 16:38:22.464" endtime="20260706 16:38:22.464"/>
</kw>
<kw name="Logging Out">
<status status="NOT RUN" starttime="20260706 16:38:22.464" endtime="20260706 16:38:22.464"/>
</kw>
<kw name="Update Ini Value" library="config_updater">
<arg>D://Easypaisa_Bot//config.ini</arg>
<arg>JOB_PROGRESS</arg>
<arg>previous_progress_in_percentage</arg>
<arg>${current_progress_percentage}[0]</arg>
<doc>All arguments must be given as strings i.e written in quotations.
If given Section already exists ,then it will be updated.
And if it doesnot exists,then it will be created.
For Example: 
file_path= 'E://Abc//def.ini'
section= 'CREDTS'
key= 'username'
value='456'        
Output&gt;&gt;&gt;   [CREDS]
            username = 456</doc>
<status status="NOT RUN" starttime="20260706 16:38:22.464" endtime="20260706 16:38:22.464"/>
</kw>
<status status="NOT RUN" starttime="20260706 16:38:22.464" endtime="20260706 16:38:22.464"/>
</branch>
<status status="SKIP" starttime="20260706 16:38:19.469" endtime="20260706 16:38:22.464"/>
</if>
<status status="SKIP" starttime="20260706 16:38:19.430" endtime="20260706 16:38:22.464"/>
</branch>
<branch type="ELSE">
<kw name="Screenshot" library="Autosphere.Browser.Playwright">
<arg>//div[@class="col-sm-12"]</arg>
<arg>filename=${None}</arg>
<doc>Capture page and/or element screenshot.</doc>
<status status="NOT RUN" starttime="20260706 16:38:22.471" endtime="20260706 16:38:22.471"/>
</kw>
<kw name="Log" library="BuiltIn">
<arg>TABE*B_EASYPAISA_ENG : Job Entry Is Not Found</arg>
<doc>Logs the given message with the given level.</doc>
<status status="NOT RUN" starttime="20260706 16:38:22.471" endtime="20260706 16:38:22.471"/>
</kw>
<kw name="Logging Out">
<status status="NOT RUN" starttime="20260706 16:38:22.471" endtime="20260706 16:38:22.471"/>
</kw>
<status status="NOT RUN" starttime="20260706 16:38:22.471" endtime="20260706 16:38:22.473"/>
</branch>
<status status="SKIP" starttime="20260706 16:38:19.430" endtime="20260706 16:38:22.473"/>
</if>
<status status="SKIP" starttime="20260706 16:38:15.082" endtime="20260706 16:38:22.473"/>
</kw>
<kw name="Deleting Saved Screenshot">
<status status="NOT RUN" starttime="20260706 16:38:22.476" endtime="20260706 16:38:22.476"/>
</kw>
<kw name="Run Keywords" library="BuiltIn" type="TEARDOWN">
<arg>Run Keyword If Test Failed</arg>
<arg>Failure Screenshot And Mail</arg>
<arg>AND</arg>
<arg>Close Browser</arg>
<doc>Executes all the given keywords in a sequence.</doc>
<kw name="Run Keyword If Test Failed" library="BuiltIn">
<arg>Failure Screenshot And Mail</arg>
<doc>Runs the given keyword with the given arguments, if the test failed.</doc>
<status status="PASS" starttime="20260706 16:38:22.476" endtime="20260706 16:38:22.476"/>
</kw>
<kw name="Close Browser" library="Autosphere.Browser.Playwright">
<doc>Closes the current browser.</doc>
<status status="PASS" starttime="20260706 16:38:22.476" endtime="20260706 16:38:25.091"/>
</kw>
<status status="PASS" starttime="20260706 16:38:22.476" endtime="20260706 16:38:25.091"/>
</kw>
<status status="SKIP" starttime="20260706 16:38:03.943" endtime="20260706 16:38:25.091">Skipped with Skip keyword.</status>
</test>
<status status="SKIP" starttime="20260706 16:38:01.611" endtime="20260706 16:38:25.091"/>
</suite>
<statistics>
<total>
<stat pass="0" fail="0" skip="1">All Tasks</stat>
</total>
<tag>
</tag>
<suite>
<stat pass="0" fail="0" skip="1" id="s1" name="Easypaisa Job Portal">Easypaisa Job Portal</stat>
</suite>
</statistics>
<errors>
<msg timestamp="20260706 16:38:03.434" level="WARN">This is a deprecated import that will be removed in favor of Autosphere.Browser.Selenium</msg>
<msg timestamp="20260706 16:38:11.672" level="WARN">The chromedriver version (127.0.6533.99) detected in PATH at C:\Program Files\Autosphere\Browser\chromedriver-win64\chromedriver.exe might not be compatible with the detected chrome version (149.0.7827.201); currently, chromedriver 149.0.7827.155 is recommended for chrome 149.*, so it is advised to delete the driver in PATH and retry</msg>
</errors>
</robot>
